Arguments: 
  /home/babazeroll/.nvm/versions/node/v18.15.0/bin/node /usr/share/yarn/bin/yarn.js init

PATH: 
  /home/babazeroll/.vscode-server/bin/704ed70d4fd1c6bd6342c436f1ede30d1cff4710/bin/remote-cli:/home/babazeroll/.nvm/versions/node/v18.15.0/bin:/usr/local/sbin:/usr/local/bin:/usr/sbin:/usr/bin:/sbin:/bin:/usr/games:/usr/local/games:/usr/lib/wsl/lib:/mnt/c/WINDOWS/system32:/mnt/c/WINDOWS:/mnt/c/WINDOWS/System32/Wbem:/mnt/c/WINDOWS/System32/WindowsPowerShell/v1.0/:/mnt/c/WINDOWS/System32/OpenSSH/:/mnt/c/Program Files/Git/cmd:/mnt/c/Program Files/Docker/Docker/resources/bin:/mnt/c/Users/spectre/AppData/Roaming/nvm:/mnt/c/Program Files/nodejs:/mnt/c/Program Files/nodejs/:/mnt/c/Users/spectre/AppData/Local/Microsoft/WindowsApps:/mnt/c/Users/spectre/AppData/Roaming/nvm:/mnt/c/Users/spectre/AppData/Roaming/npm:/mnt/c/Users/spectre/AppData/Local/Programs/Microsoft VS Code/bin:/snap/bin

Yarn version: 
  1.22.19

Node version: 
  18.15.0

Platform: 
  linux x64

Trace: 
  Error: canceled
      at Interface.<anonymous> (/usr/share/yarn/lib/cli.js:137150:13)
      at Interface.emit (node:events:513:28)
      at [_ttyWrite] [as _ttyWrite] (node:internal/readline/interface:1131:18)
      at ReadStream.onkeypress (node:internal/readline/interface:270:20)
      at ReadStream.emit (node:events:513:28)
      at emitKeys (node:internal/readline/utils:357:14)
      at emitKeys.next (<anonymous>)
      at ReadStream.onData (node:internal/readline/emitKeypressEvents:64:36)
      at ReadStream.emit (node:events:513:28)
      at addChunk (node:internal/streams/readable:324:12)

npm manifest: 
  No manifest

yarn manifest: 
  No manifest

Lockfile: 
  No lockfile
